[debug] [2021-09-03T08:13:17.751Z] ----------------------------------------------------------------------
[debug] [2021-09-03T08:13:17.757Z] Command:       D:\Program Files\nodejs\node.exe C:\Users\VITA\AppData\Roaming\npm\node_modules\firebase-tools\lib\bin\firebase.js emulators:start --only functions
[debug] [2021-09-03T08:13:17.758Z] CLI Version:   9.16.6
[debug] [2021-09-03T08:13:17.758Z] Platform:      win32
[debug] [2021-09-03T08:13:17.758Z] Node Version:  v14.15.5
[debug] [2021-09-03T08:13:17.761Z] Time:          Fri Sep 03 2021 10:13:17 GMT+0200 (Středoevropský letní čas)
[debug] [2021-09-03T08:13:17.761Z] ----------------------------------------------------------------------
[debug] 
[debug] [2021-09-03T08:13:17.767Z] >>> [apiv2][query] GET https://firebase-public.firebaseio.com/cli.json [none]
[debug] [2021-09-03T08:13:17.977Z] > command requires scopes: ["email","openid","https://www.googleapis.com/auth/cloudplatformprojects.readonly","https://www.googleapis.com/auth/firebase","https://www.googleapis.com/auth/cloud-platform"]
[debug] [2021-09-03T08:13:17.977Z] > authorizing via signed-in user (ceskojenej43@gmail.com)
[info] i  emulators: Starting emulators: functions {"metadata":{"emulator":{"name":"hub"},"message":"Starting emulators: functions"}}
[debug] [2021-09-03T08:13:18.015Z] [hub] writing locator at C:\Users\VITA\AppData\Local\Temp\hub-ecommerce-website-f0270.json
[warn] !  functions: The following emulators are not running, calls to these services from the Functions emulator will affect production: auth, firestore, database, hosting, pubsub, storage {"metadata":{"emulator":{"name":"functions"},"message":"The following emulators are not running, calls to these services from the Functions emulator will affect production: \u001b[1mauth, firestore, database, hosting, pubsub, storage\u001b[22m"}}
[info] +  functions: Using node@14 from host. {"metadata":{"emulator":{"name":"functions"},"message":"Using node@14 from host."}}
[debug] [2021-09-03T08:13:18.120Z] defaultcredentials: writing to file C:\Users\VITA\AppData\Roaming\firebase\ceskojenej43_gmail_com_application_default_credentials.json
[debug] [2021-09-03T08:13:18.125Z] Setting GAC to C:\Users\VITA\AppData\Roaming\firebase\ceskojenej43_gmail_com_application_default_credentials.json {"metadata":{"emulator":{"name":"functions"},"message":"Setting GAC to C:\\Users\\VITA\\AppData\\Roaming\\firebase\\ceskojenej43_gmail_com_application_default_credentials.json"}}
[debug] [2021-09-03T08:13:18.131Z] > refreshing access token with scopes: []
[debug] [2021-09-03T08:13:18.133Z] >>> HTTP REQUEST POST https://www.googleapis.com/oauth2/v3/token  
 <request body omitted>
[debug] [2021-09-03T08:13:18.406Z] <<< HTTP RESPONSE 200 {"cache-control":"no-cache, no-store, max-age=0, must-revalidate","expires":"Mon, 01 Jan 1990 00:00:00 GMT","date":"Fri, 03 Sep 2021 08:13:17 GMT","pragma":"no-cache","content-type":"application/json; charset=utf-8","vary":"X-Origin, Referer, Origin,Accept-Encoding","server":"scaffolding on HTTPServer2","x-xss-protection":"0","x-frame-options":"SAMEORIGIN","x-content-type-options":"nosniff","alt-svc":"h3=\":443\"; ma=2592000,h3-29=\":443\"; ma=2592000,h3-T051=\":443\"; ma=2592000,h3-Q050=\":443\"; ma=2592000,h3-Q046=\":443\"; ma=2592000,h3-Q043=\":443\"; ma=2592000,quic=\":443\"; ma=2592000; v=\"46,43\"","accept-ranges":"none","transfer-encoding":"chunked"}
[debug] [2021-09-03T08:13:18.423Z] >>> [apiv2][query] GET https://firebase.googleapis.com/v1beta1/projects/ecommerce-website-f0270/adminSdkConfig [none]
[debug] [2021-09-03T08:13:18.562Z] <<< [apiv2][status] GET https://firebase-public.firebaseio.com/cli.json 200
[debug] [2021-09-03T08:13:18.562Z] <<< [apiv2][body] GET https://firebase-public.firebaseio.com/cli.json {"cloudBuildErrorAfter":1594252800000,"cloudBuildWarnAfter":1590019200000,"defaultNode10After":1594252800000,"minVersion":"3.0.5","node8DeploysDisabledAfter":1613390400000,"node8RuntimeDisabledAfter":1615809600000,"node8WarnAfter":1600128000000}
[debug] [2021-09-03T08:13:18.844Z] <<< [apiv2][status] GET https://firebase.googleapis.com/v1beta1/projects/ecommerce-website-f0270/adminSdkConfig 200
[debug] [2021-09-03T08:13:18.844Z] <<< [apiv2][body] GET https://firebase.googleapis.com/v1beta1/projects/ecommerce-website-f0270/adminSdkConfig {"projectId":"ecommerce-website-f0270","databaseURL":"https://ecommerce-website-f0270-default-rtdb.europe-west1.firebasedatabase.app","storageBucket":"ecommerce-website-f0270.appspot.com","locationId":"europe-west"}
[debug] [2021-09-03T08:13:18.877Z] Ignoring unsupported arg: auto_download {"metadata":{"emulator":{"name":"ui"},"message":"Ignoring unsupported arg: auto_download"}}
[debug] [2021-09-03T08:13:18.878Z] Ignoring unsupported arg: port {"metadata":{"emulator":{"name":"ui"},"message":"Ignoring unsupported arg: port"}}
[debug] [2021-09-03T08:13:18.878Z] Starting Emulator UI with command {"binary":"node","args":["C:\\Users\\VITA\\.cache\\firebase\\emulators\\ui-v1.6.2\\server.bundle.js"],"optionalArgs":[],"joinArgs":false} {"metadata":{"emulator":{"name":"ui"},"message":"Starting Emulator UI with command {\"binary\":\"node\",\"args\":[\"C:\\\\Users\\\\VITA\\\\.cache\\\\firebase\\\\emulators\\\\ui-v1.6.2\\\\server.bundle.js\"],\"optionalArgs\":[],\"joinArgs\":false}"}}
[info] i  ui: Emulator UI logging to ui-debug.log {"metadata":{"emulator":{"name":"ui"},"message":"Emulator UI logging to \u001b[1mui-debug.log\u001b[22m"}}
[debug] [2021-09-03T08:13:19.171Z] Web / API server started at localhost:4000
 {"metadata":{"emulator":{"name":"ui"},"message":"Web / API server started at localhost:4000\n"}}
[info] i  functions: Watching "D:\commerce-redux\functions" for Cloud Functions... {"metadata":{"emulator":{"name":"functions"},"message":"Watching \"D:\\commerce-redux\\functions\" for Cloud Functions..."}}
[debug] [2021-09-03T08:13:19.212Z] [worker-pool] addWorker(~diagnostic~) {"metadata":{"emulator":{"name":"functions"},"message":"[worker-pool] addWorker(~diagnostic~)"}}
[debug] [2021-09-03T08:13:19.213Z] [worker-pool] Adding worker with key ~diagnostic~, total=1 {"metadata":{"emulator":{"name":"functions"},"message":"[worker-pool] Adding worker with key ~diagnostic~, total=1"}}
[debug] [2021-09-03T08:13:19.213Z] [worker-pool] submitWork(triggerId=) {"metadata":{"emulator":{"name":"functions"},"message":"[worker-pool] submitWork(triggerId=)"}}
[debug] [2021-09-03T08:13:19.214Z] [worker-~diagnostic~-1ec2f0be-0de6-4d19-84e8-fee8c6245b35]: Assigning socketPath: \\?\pipe\D:\commerce-redux\functions\24120 {"metadata":{"emulator":{"name":"functions"},"message":"[worker-~diagnostic~-1ec2f0be-0de6-4d19-84e8-fee8c6245b35]: Assigning socketPath: \\\\?\\pipe\\D:\\commerce-redux\\functions\\24120"}}
[debug] [2021-09-03T08:13:19.214Z] [worker-~diagnostic~-1ec2f0be-0de6-4d19-84e8-fee8c6245b35]: BUSY {"metadata":{"emulator":{"name":"functions"},"message":"[worker-~diagnostic~-1ec2f0be-0de6-4d19-84e8-fee8c6245b35]: BUSY"}}
[debug] [2021-09-03T08:13:20.072Z] [runtime-status] [24120] Functions runtime initialized. {"cwd":"D:\\commerce-redux\\functions","node_version":"14.15.5"} {"metadata":{"emulator":{"name":"functions"},"message":"[runtime-status] [24120] Functions runtime initialized. {\"cwd\":\"D:\\\\commerce-redux\\\\functions\",\"node_version\":\"14.15.5\"}"}}
[debug] [2021-09-03T08:13:20.077Z] [runtime-status] [24120] Disabled runtime features: undefined {"metadata":{"emulator":{"name":"functions"},"message":"[runtime-status] [24120] Disabled runtime features: undefined"}}
[debug] [2021-09-03T08:13:20.170Z] [runtime-status] [24120] Resolved module firebase-admin {"declared":true,"installed":true,"version":"9.11.1","resolution":"D:\\commerce-redux\\functions\\node_modules\\firebase-admin\\lib\\index.js"} {"metadata":{"emulator":{"name":"functions"},"message":"[runtime-status] [24120] Resolved module firebase-admin {\"declared\":true,\"installed\":true,\"version\":\"9.11.1\",\"resolution\":\"D:\\\\commerce-redux\\\\functions\\\\node_modules\\\\firebase-admin\\\\lib\\\\index.js\"}"}}
[debug] [2021-09-03T08:13:20.227Z] [runtime-status] [24120] Resolved module firebase-functions {"declared":true,"installed":true,"version":"3.15.4","resolution":"D:\\commerce-redux\\functions\\node_modules\\firebase-functions\\lib\\index.js"} {"metadata":{"emulator":{"name":"functions"},"message":"[runtime-status] [24120] Resolved module firebase-functions {\"declared\":true,\"installed\":true,\"version\":\"3.15.4\",\"resolution\":\"D:\\\\commerce-redux\\\\functions\\\\node_modules\\\\firebase-functions\\\\lib\\\\index.js\"}"}}
[debug] [2021-09-03T08:13:20.234Z] [runtime-status] [24120] Resolved module firebase-functions {"declared":true,"installed":true,"version":"3.15.4","resolution":"D:\\commerce-redux\\functions\\node_modules\\firebase-functions\\lib\\index.js"} {"metadata":{"emulator":{"name":"functions"},"message":"[runtime-status] [24120] Resolved module firebase-functions {\"declared\":true,\"installed\":true,\"version\":\"3.15.4\",\"resolution\":\"D:\\\\commerce-redux\\\\functions\\\\node_modules\\\\firebase-functions\\\\lib\\\\index.js\"}"}}
[debug] [2021-09-03T08:13:20.237Z] [runtime-status] [24120] Outgoing network have been stubbed. [{"name":"http","status":"mocked"},{"name":"http","status":"mocked"},{"name":"https","status":"mocked"},{"name":"https","status":"mocked"},{"name":"net","status":"mocked"}] {"metadata":{"emulator":{"name":"functions"},"message":"[runtime-status] [24120] Outgoing network have been stubbed. [{\"name\":\"http\",\"status\":\"mocked\"},{\"name\":\"http\",\"status\":\"mocked\"},{\"name\":\"https\",\"status\":\"mocked\"},{\"name\":\"https\",\"status\":\"mocked\"},{\"name\":\"net\",\"status\":\"mocked\"}]"}}
[debug] [2021-09-03T08:13:20.239Z] [runtime-status] [24120] Resolved module firebase-functions {"declared":true,"installed":true,"version":"3.15.4","resolution":"D:\\commerce-redux\\functions\\node_modules\\firebase-functions\\lib\\index.js"} {"metadata":{"emulator":{"name":"functions"},"message":"[runtime-status] [24120] Resolved module firebase-functions {\"declared\":true,\"installed\":true,\"version\":\"3.15.4\",\"resolution\":\"D:\\\\commerce-redux\\\\functions\\\\node_modules\\\\firebase-functions\\\\lib\\\\index.js\"}"}}
[debug] [2021-09-03T08:13:20.940Z] [runtime-status] [24120] Checked functions.config() {"config":{}} {"metadata":{"emulator":{"name":"functions"},"message":"[runtime-status] [24120] Checked functions.config() {\"config\":{}}"}}
[debug] [2021-09-03T08:13:20.940Z] [runtime-status] [24120] firebase-functions has been stubbed. {"functionsResolution":{"declared":true,"installed":true,"version":"3.15.4","resolution":"D:\\commerce-redux\\functions\\node_modules\\firebase-functions\\lib\\index.js"}} {"metadata":{"emulator":{"name":"functions"},"message":"[runtime-status] [24120] firebase-functions has been stubbed. {\"functionsResolution\":{\"declared\":true,\"installed\":true,\"version\":\"3.15.4\",\"resolution\":\"D:\\\\commerce-redux\\\\functions\\\\node_modules\\\\firebase-functions\\\\lib\\\\index.js\"}}"}}
[debug] [2021-09-03T08:13:20.942Z] [runtime-status] [24120] Resolved module firebase-functions {"declared":true,"installed":true,"version":"3.15.4","resolution":"D:\\commerce-redux\\functions\\node_modules\\firebase-functions\\lib\\index.js"} {"metadata":{"emulator":{"name":"functions"},"message":"[runtime-status] [24120] Resolved module firebase-functions {\"declared\":true,\"installed\":true,\"version\":\"3.15.4\",\"resolution\":\"D:\\\\commerce-redux\\\\functions\\\\node_modules\\\\firebase-functions\\\\lib\\\\index.js\"}"}}
[debug] [2021-09-03T08:13:20.945Z] [runtime-status] [24120] Resolved module firebase-admin {"declared":true,"installed":true,"version":"9.11.1","resolution":"D:\\commerce-redux\\functions\\node_modules\\firebase-admin\\lib\\index.js"} {"metadata":{"emulator":{"name":"functions"},"message":"[runtime-status] [24120] Resolved module firebase-admin {\"declared\":true,\"installed\":true,\"version\":\"9.11.1\",\"resolution\":\"D:\\\\commerce-redux\\\\functions\\\\node_modules\\\\firebase-admin\\\\lib\\\\index.js\"}"}}
[debug] [2021-09-03T08:13:20.947Z] [runtime-status] [24120] Resolved module firebase-functions {"declared":true,"installed":true,"version":"3.15.4","resolution":"D:\\commerce-redux\\functions\\node_modules\\firebase-functions\\lib\\index.js"} {"metadata":{"emulator":{"name":"functions"},"message":"[runtime-status] [24120] Resolved module firebase-functions {\"declared\":true,\"installed\":true,\"version\":\"3.15.4\",\"resolution\":\"D:\\\\commerce-redux\\\\functions\\\\node_modules\\\\firebase-functions\\\\lib\\\\index.js\"}"}}
[debug] [2021-09-03T08:13:20.947Z] [runtime-status] [24120] firebase-admin has been stubbed. {"adminResolution":{"declared":true,"installed":true,"version":"9.11.1","resolution":"D:\\commerce-redux\\functions\\node_modules\\firebase-admin\\lib\\index.js"}} {"metadata":{"emulator":{"name":"functions"},"message":"[runtime-status] [24120] firebase-admin has been stubbed. {\"adminResolution\":{\"declared\":true,\"installed\":true,\"version\":\"9.11.1\",\"resolution\":\"D:\\\\commerce-redux\\\\functions\\\\node_modules\\\\firebase-admin\\\\lib\\\\index.js\"}}"}}
[info] +  functions[us-central1-api]: http function initialized (http://localhost:5001/ecommerce-website-f0270/us-central1/api). {"metadata":{"emulator":{"name":"functions"},"message":"\u001b[1mhttp\u001b[22m function initialized (http://localhost:5001/ecommerce-website-f0270/us-central1/api)."}}
[info] 
┌─────────────────────────────────────────────────────────────┐
│ ✔  All emulators ready! It is now safe to connect your app. │
│ i  View Emulator UI at http://localhost:4000                │
└─────────────────────────────────────────────────────────────┘

┌───────────┬────────────────┬─────────────────────────────────┐
│ Emulator  │ Host:Port      │ View in Emulator UI             │
├───────────┼────────────────┼─────────────────────────────────┤
│ Functions │ localhost:5001 │ http://localhost:4000/functions │
└───────────┴────────────────┴─────────────────────────────────┘
  Emulator Hub running at localhost:4400
  Other reserved ports: 4500

Issues? Report them at https://github.com/firebase/firebase-tools/issues and attach the *-debug.log files.
 
[debug] [2021-09-03T08:13:24.246Z] [worker-~diagnostic~-1ec2f0be-0de6-4d19-84e8-fee8c6245b35]: IDLE {"metadata":{"emulator":{"name":"functions"},"message":"[worker-~diagnostic~-1ec2f0be-0de6-4d19-84e8-fee8c6245b35]: IDLE"}}
